This file contains any messages produced by compilers while
running configure, to aid debugging if configure makes a mistake.

It was created by configure, which was
generated by GNU Autoconf 2.69.  Invocation command line was

  $ ./configure --enable-64bit

## --------- ##
## Platform. ##
## --------- ##

hostname = alfa.myrag.com.br
uname -m = x86_64
uname -r = 2.6.32-042stab113.11
uname -s = Linux
uname -v = #1 SMP Fri Dec 18 17:32:04 MSK 2015

/usr/bin/uname -p = unknown
/bin/uname -X     = unknown

/bin/arch              = x86_64
/usr/bin/arch -k       = unknown
/usr/convex/getsysinfo = unknown
/usr/bin/hostinfo      = unknown
/bin/machine           = unknown
/usr/bin/oslevel       = unknown
/bin/universe          = unknown

PATH: /usr/local/jdk/bin
PATH: /usr/local/sbin
PATH: /usr/local/bin
PATH: /sbin
PATH: /bin
PATH: /usr/sbin
PATH: /usr/bin
PATH: /usr/local/bin
PATH: /usr/X11R6/bin


## ----------- ##
## Core tests. ##
## ----------- ##

configure:2220: checking for clang
configure:2250: result: no
configure:2313: checking for cc
configure:2334: found /usr/bin/cc
configure:2357: result: cc
configure:2476: checking for C compiler version
configure:2485: cc --version >&5
cc (GCC) 4.4.7 20120313 (Red Hat 4.4.7-18)
Copyright (C) 2010 Free Software Foundation, Inc.
This is free software; see the source for copying conditions.  There is NO
warranty; not even for MERCHANTABILITY or FITNESS FOR A PARTICULAR PURPOSE.

configure:2496: $? = 0
configure:2485: cc -v >&5
Using built-in specs.
Target: x86_64-redhat-linux
Configured with: ../configure --prefix=/usr --mandir=/usr/share/man --infodir=/usr/share/info --with-bugurl=http://bugzilla.redhat.com/bugzilla --enable-bootstrap --enable-shared --enable-threads=posix --enable-checking=release --with-system-zlib --enable-__cxa_atexit --disable-libunwind-exceptions --enable-gnu-unique-object --enable-languages=c,c++,objc,obj-c++,java,fortran,ada --enable-java-awt=gtk --disable-dssi --with-java-home=/usr/lib/jvm/java-1.5.0-gcj-1.5.0.0/jre --enable-libgcj-multifile --enable-java-maintainer-mode --with-ecj-jar=/usr/share/java/eclipse-ecj.jar --disable-libjava-multilib --with-ppl --with-cloog --with-tune=generic --with-arch_32=i686 --build=x86_64-redhat-linux
Thread model: posix
gcc version 4.4.7 20120313 (Red Hat 4.4.7-18) (GCC) 
configure:2496: $? = 0
configure:2485: cc -V >&5
cc: '-V' option must have argument
configure:2496: $? = 1
configure:2485: cc -qversion >&5
cc: unrecognized option '-qversion'
cc: no input files
configure:2496: $? = 1
configure:2516: checking whether the C compiler works
configure:2538: cc    conftest.c  >&5
configure:2542: $? = 0
configure:2590: result: yes
configure:2593: checking for C compiler default output file name
configure:2595: result: a.out
configure:2601: checking for suffix of executables
configure:2608: cc -o conftest    conftest.c  >&5
configure:2612: $? = 0
configure:2634: result: 
configure:2656: checking whether we are cross compiling
configure:2664: cc -o conftest    conftest.c  >&5
configure:2668: $? = 0
configure:2675: ./conftest
configure:2679: $? = 0
configure:2694: result: no
configure:2699: checking for suffix of object files
configure:2721: cc -c   conftest.c >&5
configure:2725: $? = 0
configure:2746: result: o
configure:2750: checking whether we are using the GNU C compiler
configure:2769: cc -c   conftest.c >&5
configure:2769: $? = 0
configure:2778: result: yes
configure:2787: checking whether cc accepts -g
configure:2807: cc -c -g  conftest.c >&5
configure:2807: $? = 0
configure:2848: result: yes
configure:2927: cc  -c -g -O2  conftest.c >&5
configure:2927: $? = 0
configure:2940: result: none needed
configure:2966: checking how to run the C preprocessor
configure:2997: cc -E  conftest.c
configure:2997: $? = 0
configure:3011: cc -E  conftest.c
conftest.c:9:28: error: ac_nonexistent.h: No such file or directory
configure:3011: $? = 1
configure: failed program was:
| /* confdefs.h */
| #define PACKAGE_NAME ""
| #define PACKAGE_TARNAME ""
| #define PACKAGE_VERSION ""
| #define PACKAGE_STRING ""
| #define PACKAGE_BUGREPORT ""
| #define PACKAGE_URL ""
| /* end confdefs.h.  */
| #include <ac_nonexistent.h>
configure:3036: result: cc -E
configure:3056: cc -E  conftest.c
configure:3056: $? = 0
configure:3070: cc -E  conftest.c
conftest.c:9:28: error: ac_nonexistent.h: No such file or directory
configure:3070: $? = 1
configure: failed program was:
| /* confdefs.h */
| #define PACKAGE_NAME ""
| #define PACKAGE_TARNAME ""
| #define PACKAGE_VERSION ""
| #define PACKAGE_STRING ""
| #define PACKAGE_BUGREPORT ""
| #define PACKAGE_URL ""
| /* end confdefs.h.  */
| #include <ac_nonexistent.h>
configure:3099: checking for grep that handles long lines and -e
configure:3157: result: /bin/grep
configure:3162: checking for egrep
configure:3224: result: /bin/grep -E
configure:3229: checking for ANSI C header files
configure:3249: cc -c -g -O2  conftest.c >&5
configure:3249: $? = 0
configure:3322: cc -o conftest -g -O2   conftest.c  >&5
configure:3322: $? = 0
configure:3322: ./conftest
configure:3322: $? = 0
configure:3333: result: yes
configure:3346: checking for sys/types.h
configure:3346: cc -c -g -O2  conftest.c >&5
configure:3346: $? = 0
configure:3346: result: yes
configure:3346: checking for sys/stat.h
configure:3346: cc -c -g -O2  conftest.c >&5
configure:3346: $? = 0
configure:3346: result: yes
configure:3346: checking for stdlib.h
configure:3346: cc -c -g -O2  conftest.c >&5
configure:3346: $? = 0
configure:3346: result: yes
configure:3346: checking for string.h
configure:3346: cc -c -g -O2  conftest.c >&5
configure:3346: $? = 0
configure:3346: result: yes
configure:3346: checking for memory.h
configure:3346: cc -c -g -O2  conftest.c >&5
configure:3346: $? = 0
configure:3346: result: yes
configure:3346: checking for strings.h
configure:3346: cc -c -g -O2  conftest.c >&5
configure:3346: $? = 0
configure:3346: result: yes
configure:3346: checking for inttypes.h
configure:3346: cc -c -g -O2  conftest.c >&5
configure:3346: $? = 0
configure:3346: result: yes
configure:3346: checking for stdint.h
configure:3346: cc -c -g -O2  conftest.c >&5
configure:3346: $? = 0
configure:3346: result: yes
configure:3346: checking for unistd.h
configure:3346: cc -c -g -O2  conftest.c >&5
configure:3346: $? = 0
configure:3346: result: yes
configure:3359: checking minix/config.h usability
configure:3359: cc -c -g -O2  conftest.c >&5
conftest.c:52:26: error: minix/config.h: No such file or directory
configure:3359: $? = 1
configure: failed program was:
| /* confdefs.h */
| #define PACKAGE_NAME ""
| #define PACKAGE_TARNAME ""
| #define PACKAGE_VERSION ""
| #define PACKAGE_STRING ""
| #define PACKAGE_BUGREPORT ""
| #define PACKAGE_URL ""
| #define STDC_HEADERS 1
| #define HAVE_SYS_TYPES_H 1
| #define HAVE_SYS_STAT_H 1
| #define HAVE_STDLIB_H 1
| #define HAVE_STRING_H 1
| #define HAVE_MEMORY_H 1
| #define HAVE_STRINGS_H 1
| #define HAVE_INTTYPES_H 1
| #define HAVE_STDINT_H 1
| #define HAVE_UNISTD_H 1
| /* end confdefs.h.  */
| #include <stdio.h>
| #ifdef HAVE_SYS_TYPES_H
| # include <sys/types.h>
| #endif
| #ifdef HAVE_SYS_STAT_H
| # include <sys/stat.h>
| #endif
| #ifdef STDC_HEADERS
| # include <stdlib.h>
| # include <stddef.h>
| #else
| # ifdef HAVE_STDLIB_H
| #  include <stdlib.h>
| # endif
| #endif
| #ifdef HAVE_STRING_H
| # if !defined STDC_HEADERS && defined HAVE_MEMORY_H
| #  include <memory.h>
| # endif
| # include <string.h>
| #endif
| #ifdef HAVE_STRINGS_H
| # include <strings.h>
| #endif
| #ifdef HAVE_INTTYPES_H
| # include <inttypes.h>
| #endif
| #ifdef HAVE_STDINT_H
| # include <stdint.h>
| #endif
| #ifdef HAVE_UNISTD_H
| # include <unistd.h>
| #endif
| #include <minix/config.h>
configure:3359: result: no
configure:3359: checking minix/config.h presence
configure:3359: cc -E  conftest.c
conftest.c:19:26: error: minix/config.h: No such file or directory
configure:3359: $? = 1
configure: failed program was:
| /* confdefs.h */
| #define PACKAGE_NAME ""
| #define PACKAGE_TARNAME ""
| #define PACKAGE_VERSION ""
| #define PACKAGE_STRING ""
| #define PACKAGE_BUGREPORT ""
| #define PACKAGE_URL ""
| #define STDC_HEADERS 1
| #define HAVE_SYS_TYPES_H 1
| #define HAVE_SYS_STAT_H 1
| #define HAVE_STDLIB_H 1
| #define HAVE_STRING_H 1
| #define HAVE_MEMORY_H 1
| #define HAVE_STRINGS_H 1
| #define HAVE_INTTYPES_H 1
| #define HAVE_STDINT_H 1
| #define HAVE_UNISTD_H 1
| /* end confdefs.h.  */
| #include <minix/config.h>
configure:3359: result: no
configure:3359: checking for minix/config.h
configure:3359: result: no
configure:3380: checking whether it is safe to define __EXTENSIONS__
configure:3398: cc -c -g -O2  conftest.c >&5
configure:3398: $? = 0
configure:3405: result: yes
configure:3796: checking whether make sets $(MAKE)
configure:3818: result: yes
configure:4131: checking for C compiler version
configure:4140: cc --version >&5
cc (GCC) 4.4.7 20120313 (Red Hat 4.4.7-18)
Copyright (C) 2010 Free Software Foundation, Inc.
This is free software; see the source for copying conditions.  There is NO
warranty; not even for MERCHANTABILITY or FITNESS FOR A PARTICULAR PURPOSE.

configure:4151: $? = 0
configure:4140: cc -v >&5
Using built-in specs.
Target: x86_64-redhat-linux
Configured with: ../configure --prefix=/usr --mandir=/usr/share/man --infodir=/usr/share/info --with-bugurl=http://bugzilla.redhat.com/bugzilla --enable-bootstrap --enable-shared --enable-threads=posix --enable-checking=release --with-system-zlib --enable-__cxa_atexit --disable-libunwind-exceptions --enable-gnu-unique-object --enable-languages=c,c++,objc,obj-c++,java,fortran,ada --enable-java-awt=gtk --disable-dssi --with-java-home=/usr/lib/jvm/java-1.5.0-gcj-1.5.0.0/jre --enable-libgcj-multifile --enable-java-maintainer-mode --with-ecj-jar=/usr/share/java/eclipse-ecj.jar --disable-libjava-multilib --with-ppl --with-cloog --with-tune=generic --with-arch_32=i686 --build=x86_64-redhat-linux
Thread model: posix
gcc version 4.4.7 20120313 (Red Hat 4.4.7-18) (GCC) 
configure:4151: $? = 0
configure:4140: cc -V >&5
cc: '-V' option must have argument
configure:4151: $? = 1
configure:4140: cc -qversion >&5
cc: unrecognized option '-qversion'
cc: no input files
configure:4151: $? = 1
configure:4155: checking whether we are using the GNU C compiler
configure:4183: result: yes
configure:4192: checking whether cc accepts -g
configure:4253: result: yes
configure:4270: checking for cc option to accept ISO C89
configure:4346: result: none needed
configure:4371: checking how to run the C preprocessor
configure:4441: result: cc -E
configure:4461: cc -E  -DMAXCONN=16384 conftest.c
configure:4461: $? = 0
configure:4475: cc -E  -DMAXCONN=16384 conftest.c
conftest.c:24:28: error: ac_nonexistent.h: No such file or directory
configure:4475: $? = 1
configure: failed program was:
| /* confdefs.h */
| #define PACKAGE_NAME ""
| #define PACKAGE_TARNAME ""
| #define PACKAGE_VERSION ""
| #define PACKAGE_STRING ""
| #define PACKAGE_BUGREPORT ""
| #define PACKAGE_URL ""
| #define STDC_HEADERS 1
| #define HAVE_SYS_TYPES_H 1
| #define HAVE_SYS_STAT_H 1
| #define HAVE_STDLIB_H 1
| #define HAVE_STRING_H 1
| #define HAVE_MEMORY_H 1
| #define HAVE_STRINGS_H 1
| #define HAVE_INTTYPES_H 1
| #define HAVE_STDINT_H 1
| #define HAVE_UNISTD_H 1
| #define __EXTENSIONS__ 1
| #define _ALL_SOURCE 1
| #define _GNU_SOURCE 1
| #define _POSIX_PTHREAD_SEMANTICS 1
| #define _TANDEM_SOURCE 1
| /* end confdefs.h.  */
| #include <ac_nonexistent.h>
configure:4505: checking for ar
configure:4523: found /usr/bin/ar
configure:4535: result: /usr/bin/ar
configure:4555: checking whether byte ordering is bigendian
configure:4570: cc -c -g -O2 -pipe -ffast-math -Wall -Wextra -Wno-sign-compare  -DMAXCONN=16384 -I../common conftest.c >&5
conftest.c:25: error: expected '=', ',', ';', 'asm' or '__attribute__' before 'a'
configure:4570: $? = 1
configure: failed program was:
| /* confdefs.h */
| #define PACKAGE_NAME ""
| #define PACKAGE_TARNAME ""
| #define PACKAGE_VERSION ""
| #define PACKAGE_STRING ""
| #define PACKAGE_BUGREPORT ""
| #define PACKAGE_URL ""
| #define STDC_HEADERS 1
| #define HAVE_SYS_TYPES_H 1
| #define HAVE_SYS_STAT_H 1
| #define HAVE_STDLIB_H 1
| #define HAVE_STRING_H 1
| #define HAVE_MEMORY_H 1
| #define HAVE_STRINGS_H 1
| #define HAVE_INTTYPES_H 1
| #define HAVE_STDINT_H 1
| #define HAVE_UNISTD_H 1
| #define __EXTENSIONS__ 1
| #define _ALL_SOURCE 1
| #define _GNU_SOURCE 1
| #define _POSIX_PTHREAD_SEMANTICS 1
| #define _TANDEM_SOURCE 1
| /* end confdefs.h.  */
| #ifndef __APPLE_CC__
| 	       not a universal capable compiler
| 	     #endif
| 	     typedef int dummy;
| 
configure:4615: cc -c -g -O2 -pipe -ffast-math -Wall -Wextra -Wno-sign-compare  -DMAXCONN=16384 -I../common conftest.c >&5
configure:4615: $? = 0
configure:4633: cc -c -g -O2 -pipe -ffast-math -Wall -Wextra -Wno-sign-compare  -DMAXCONN=16384 -I../common conftest.c >&5
conftest.c: In function 'main':
conftest.c:31: error: 'not' undeclared (first use in this function)
conftest.c:31: error: (Each undeclared identifier is reported only once
conftest.c:31: error: for each function it appears in.)
conftest.c:31: error: expected ';' before 'big'
configure:4633: $? = 1
configure: failed program was:
| /* confdefs.h */
| #define PACKAGE_NAME ""
| #define PACKAGE_TARNAME ""
| #define PACKAGE_VERSION ""
| #define PACKAGE_STRING ""
| #define PACKAGE_BUGREPORT ""
| #define PACKAGE_URL ""
| #define STDC_HEADERS 1
| #define HAVE_SYS_TYPES_H 1
| #define HAVE_SYS_STAT_H 1
| #define HAVE_STDLIB_H 1
| #define HAVE_STRING_H 1
| #define HAVE_MEMORY_H 1
| #define HAVE_STRINGS_H 1
| #define HAVE_INTTYPES_H 1
| #define HAVE_STDINT_H 1
| #define HAVE_UNISTD_H 1
| #define __EXTENSIONS__ 1
| #define _ALL_SOURCE 1
| #define _GNU_SOURCE 1
| #define _POSIX_PTHREAD_SEMANTICS 1
| #define _TANDEM_SOURCE 1
| /* end confdefs.h.  */
| #include <sys/types.h>
| 		#include <sys/param.h>
| 
| int
| main ()
| {
| #if BYTE_ORDER != BIG_ENDIAN
| 		 not big endian
| 		#endif
| 
|   ;
|   return 0;
| }
configure:4761: result: no
configure:4830: checking whether cc produces 32bit code
configure:4848: cc -o conftest -g -O2 -pipe -ffast-math -Wall -Wextra -Wno-sign-compare  -DMAXCONN=16384 -I../common  conftest.c  >&5
conftest.c: In function 'main':
conftest.c:25: warning: unused parameter 'argc'
conftest.c:25: warning: unused parameter 'argv'
configure:4848: $? = 0
configure:4848: ./conftest
configure:4848: $? = 1
configure: program exited with status 1
configure: failed program was:
| /* confdefs.h */
| #define PACKAGE_NAME ""
| #define PACKAGE_TARNAME ""
| #define PACKAGE_VERSION ""
| #define PACKAGE_STRING ""
| #define PACKAGE_BUGREPORT ""
| #define PACKAGE_URL ""
| #define STDC_HEADERS 1
| #define HAVE_SYS_TYPES_H 1
| #define HAVE_SYS_STAT_H 1
| #define HAVE_STDLIB_H 1
| #define HAVE_STRING_H 1
| #define HAVE_MEMORY_H 1
| #define HAVE_STRINGS_H 1
| #define HAVE_INTTYPES_H 1
| #define HAVE_STDINT_H 1
| #define HAVE_UNISTD_H 1
| #define __EXTENSIONS__ 1
| #define _ALL_SOURCE 1
| #define _GNU_SOURCE 1
| #define _POSIX_PTHREAD_SEMANTICS 1
| #define _TANDEM_SOURCE 1
| /* end confdefs.h.  */
| 
| 		int main(int argc, char **argv){
| 			if(sizeof(void*) == 4) return 0;
| 			else return 1;
| 		}
| 
configure:4893: result: no
configure:4907: checking whether cc supports __thread specifier (TLS)
configure:4926: cc -o conftest -g -O2 -pipe -ffast-math -Wall -Wextra -Wno-sign-compare  -DMAXCONN=16384 -I../common  conftest.c  >&5
conftest.c: In function 'main':
conftest.c:27: warning: unused parameter 'argc'
conftest.c:27: warning: unused parameter 'argv'
configure:4926: $? = 0
configure:4926: ./conftest
configure:4926: $? = 0
configure:4928: result: yes
configure:4956: checking whether cc supports -flto
configure:4973: cc -o conftest -g -O2 -pipe -ffast-math -Wall -Wextra -Wno-sign-compare -flto  -DMAXCONN=16384 -I../common -DHAS_TLS  -flto conftest.c  >&5
cc1: error: unrecognized command line option "-flto"
cc1: error: unrecognized command line option "-flto"
configure:4973: $? = 1
configure: program exited with status 1
configure: failed program was:
| /* confdefs.h */
| #define PACKAGE_NAME ""
| #define PACKAGE_TARNAME ""
| #define PACKAGE_VERSION ""
| #define PACKAGE_STRING ""
| #define PACKAGE_BUGREPORT ""
| #define PACKAGE_URL ""
| #define STDC_HEADERS 1
| #define HAVE_SYS_TYPES_H 1
| #define HAVE_SYS_STAT_H 1
| #define HAVE_STDLIB_H 1
| #define HAVE_STRING_H 1
| #define HAVE_MEMORY_H 1
| #define HAVE_STRINGS_H 1
| #define HAVE_INTTYPES_H 1
| #define HAVE_STDINT_H 1
| #define HAVE_UNISTD_H 1
| #define __EXTENSIONS__ 1
| #define _ALL_SOURCE 1
| #define _GNU_SOURCE 1
| #define _POSIX_PTHREAD_SEMANTICS 1
| #define _TANDEM_SOURCE 1
| /* end confdefs.h.  */
| 
| 			int main(int argc, char **argv){
| 				return 0;
| 			}
| 
configure:4980: result: no
configure:4998: checking whether cc supports -Wno-unused-parameter
configure:5006: cc -c -g -O2 -pipe -ffast-math -Wall -Wextra -Wno-sign-compare -Werror -Wno-unused-parameter  -DMAXCONN=16384 -I../common -DHAS_TLS conftest.c >&5
configure:5006: $? = 0
configure:5016: cc -c -g -O2 -pipe -ffast-math -Wall -Wextra -Wno-sign-compare -Werror -Wunused-parameter  -DMAXCONN=16384 -I../common -DHAS_TLS conftest.c >&5
configure:5016: $? = 0
configure:5018: result: yes
configure:5023: checking whether cc can actually use -Wno-unused-parameter
configure:5030: cc -c -g -O2 -pipe -ffast-math -Wall -Wextra -Wno-sign-compare -Werror -Wunused-parameter  -DMAXCONN=16384 -I../common -DHAS_TLS conftest.c >&5
cc1: warnings being treated as errors
conftest.c: In function 'foo':
conftest.c:24: error: unused parameter 'bar'
configure:5030: $? = 1
configure: failed program was:
| /* confdefs.h */
| #define PACKAGE_NAME ""
| #define PACKAGE_TARNAME ""
| #define PACKAGE_VERSION ""
| #define PACKAGE_STRING ""
| #define PACKAGE_BUGREPORT ""
| #define PACKAGE_URL ""
| #define STDC_HEADERS 1
| #define HAVE_SYS_TYPES_H 1
| #define HAVE_SYS_STAT_H 1
| #define HAVE_STDLIB_H 1
| #define HAVE_STRING_H 1
| #define HAVE_MEMORY_H 1
| #define HAVE_STRINGS_H 1
| #define HAVE_INTTYPES_H 1
| #define HAVE_STDINT_H 1
| #define HAVE_UNISTD_H 1
| #define __EXTENSIONS__ 1
| #define _ALL_SOURCE 1
| #define _GNU_SOURCE 1
| #define _POSIX_PTHREAD_SEMANTICS 1
| #define _TANDEM_SOURCE 1
| /* end confdefs.h.  */
| int foo(int bar) { return 0; }
configure:5043: cc -c -g -O2 -pipe -ffast-math -Wall -Wextra -Wno-sign-compare -Werror -Wno-unused-parameter  -DMAXCONN=16384 -I../common -DHAS_TLS conftest.c >&5
configure:5043: $? = 0
configure:5045: result: yes
configure:5086: checking whether cc supports -Wno-maybe-uninitialized
configure:5094: cc -c -g -O2 -pipe -ffast-math -Wall -Wextra -Wno-sign-compare -Wno-unused-parameter -Werror -Wno-maybe-uninitialized  -DMAXCONN=16384 -I../common -DHAS_TLS conftest.c >&5
configure:5094: $? = 0
configure:5104: cc -c -g -O2 -pipe -ffast-math -Wall -Wextra -Wno-sign-compare -Wno-unused-parameter -Werror -Wmaybe-uninitialized  -DMAXCONN=16384 -I../common -DHAS_TLS conftest.c >&5
cc1: error: unrecognized command line option "-Wmaybe-uninitialized"
configure:5104: $? = 1
configure: failed program was:
| /* confdefs.h */
| #define PACKAGE_NAME ""
| #define PACKAGE_TARNAME ""
| #define PACKAGE_VERSION ""
| #define PACKAGE_STRING ""
| #define PACKAGE_BUGREPORT ""
| #define PACKAGE_URL ""
| #define STDC_HEADERS 1
| #define HAVE_SYS_TYPES_H 1
| #define HAVE_SYS_STAT_H 1
| #define HAVE_STDLIB_H 1
| #define HAVE_STRING_H 1
| #define HAVE_MEMORY_H 1
| #define HAVE_STRINGS_H 1
| #define HAVE_INTTYPES_H 1
| #define HAVE_STDINT_H 1
| #define HAVE_UNISTD_H 1
| #define __EXTENSIONS__ 1
| #define _ALL_SOURCE 1
| #define _GNU_SOURCE 1
| #define _POSIX_PTHREAD_SEMANTICS 1
| #define _TANDEM_SOURCE 1
| /* end confdefs.h.  */
| int foo;
configure:5154: result: no
configure:5174: checking whether cc supports -Wno-clobbered
configure:5182: cc -c -g -O2 -pipe -ffast-math -Wall -Wextra -Wno-sign-compare -Wno-unused-parameter -Werror -Wno-clobbered  -DMAXCONN=16384 -I../common -DHAS_TLS conftest.c >&5
configure:5182: $? = 0
configure:5192: cc -c -g -O2 -pipe -ffast-math -Wall -Wextra -Wno-sign-compare -Wno-unused-parameter -Werror -Wclobbered  -DMAXCONN=16384 -I../common -DHAS_TLS conftest.c >&5
configure:5192: $? = 0
configure:5194: result: yes
configure:5262: checking whether cc supports -Wempty-body
configure:5270: cc -c -g -O2 -pipe -ffast-math -Wall -Wextra -Wno-sign-compare -Wno-unused-parameter -Wno-clobbered -Werror -Wempty-body  -DMAXCONN=16384 -I../common -DHAS_TLS conftest.c >&5
configure:5270: $? = 0
configure:5272: result: yes
configure:5311: checking whether cc supports -Wnewline-eof
configure:5319: cc -c -g -O2 -pipe -ffast-math -Wall -Wextra -Wno-sign-compare -Wno-unused-parameter -Wno-clobbered -Wempty-body -Werror -Wnewline-eof  -DMAXCONN=16384 -I../common -DHAS_TLS conftest.c >&5
cc1: error: unrecognized command line option "-Wnewline-eof"
configure:5319: $? = 1
configure: failed program was:
| /* confdefs.h */
| #define PACKAGE_NAME ""
| #define PACKAGE_TARNAME ""
| #define PACKAGE_VERSION ""
| #define PACKAGE_STRING ""
| #define PACKAGE_BUGREPORT ""
| #define PACKAGE_URL ""
| #define STDC_HEADERS 1
| #define HAVE_SYS_TYPES_H 1
| #define HAVE_SYS_STAT_H 1
| #define HAVE_STDLIB_H 1
| #define HAVE_STRING_H 1
| #define HAVE_MEMORY_H 1
| #define HAVE_STRINGS_H 1
| #define HAVE_INTTYPES_H 1
| #define HAVE_STDINT_H 1
| #define HAVE_UNISTD_H 1
| #define __EXTENSIONS__ 1
| #define _ALL_SOURCE 1
| #define _GNU_SOURCE 1
| #define _POSIX_PTHREAD_SEMANTICS 1
| #define _TANDEM_SOURCE 1
| /* end confdefs.h.  */
| int foo;
configure:5350: result: no
configure:5360: checking whether cc supports -Wint-conversion
configure:5368: cc -c -g -O2 -pipe -ffast-math -Wall -Wextra -Wno-sign-compare -Wno-unused-parameter -Wno-clobbered -Wempty-body -Werror -Wint-conversion  -DMAXCONN=16384 -I../common -DHAS_TLS conftest.c >&5
cc1: error: unrecognized command line option "-Wint-conversion"
configure:5368: $? = 1
configure: failed program was:
| /* confdefs.h */
| #define PACKAGE_NAME ""
| #define PACKAGE_TARNAME ""
| #define PACKAGE_VERSION ""
| #define PACKAGE_STRING ""
| #define PACKAGE_BUGREPORT ""
| #define PACKAGE_URL ""
| #define STDC_HEADERS 1
| #define HAVE_SYS_TYPES_H 1
| #define HAVE_SYS_STAT_H 1
| #define HAVE_STDLIB_H 1
| #define HAVE_STRING_H 1
| #define HAVE_MEMORY_H 1
| #define HAVE_STRINGS_H 1
| #define HAVE_INTTYPES_H 1
| #define HAVE_STDINT_H 1
| #define HAVE_UNISTD_H 1
| #define __EXTENSIONS__ 1
| #define _ALL_SOURCE 1
| #define _GNU_SOURCE 1
| #define _POSIX_PTHREAD_SEMANTICS 1
| #define _TANDEM_SOURCE 1
| /* end confdefs.h.  */
| int foo;
configure:5399: result: no
configure:5409: checking whether cc supports -Wenum-conversion
configure:5417: cc -c -g -O2 -pipe -ffast-math -Wall -Wextra -Wno-sign-compare -Wno-unused-parameter -Wno-clobbered -Wempty-body -Werror -Wenum-conversion  -DMAXCONN=16384 -I../common -DHAS_TLS conftest.c >&5
cc1: error: unrecognized command line option "-Wenum-conversion"
configure:5417: $? = 1
configure: failed program was:
| /* confdefs.h */
| #define PACKAGE_NAME ""
| #define PACKAGE_TARNAME ""
| #define PACKAGE_VERSION ""
| #define PACKAGE_STRING ""
| #define PACKAGE_BUGREPORT ""
| #define PACKAGE_URL ""
| #define STDC_HEADERS 1
| #define HAVE_SYS_TYPES_H 1
| #define HAVE_SYS_STAT_H 1
| #define HAVE_STDLIB_H 1
| #define HAVE_STRING_H 1
| #define HAVE_MEMORY_H 1
| #define HAVE_STRINGS_H 1
| #define HAVE_INTTYPES_H 1
| #define HAVE_STDINT_H 1
| #define HAVE_UNISTD_H 1
| #define __EXTENSIONS__ 1
| #define _ALL_SOURCE 1
| #define _GNU_SOURCE 1
| #define _POSIX_PTHREAD_SEMANTICS 1
| #define _TANDEM_SOURCE 1
| /* end confdefs.h.  */
| int foo;
configure:5448: result: no
configure:5458: checking whether cc supports -Wshorten-64-to-32
configure:5466: cc -c -g -O2 -pipe -ffast-math -Wall -Wextra -Wno-sign-compare -Wno-unused-parameter -Wno-clobbered -Wempty-body -Werror -Wshorten-64-to-32  -DMAXCONN=16384 -I../common -DHAS_TLS conftest.c >&5
cc1: error: unrecognized command line option "-Wshorten-64-to-32"
configure:5466: $? = 1
configure: failed program was:
| /* confdefs.h */
| #define PACKAGE_NAME ""
| #define PACKAGE_TARNAME ""
| #define PACKAGE_VERSION ""
| #define PACKAGE_STRING ""
| #define PACKAGE_BUGREPORT ""
| #define PACKAGE_URL ""
| #define STDC_HEADERS 1
| #define HAVE_SYS_TYPES_H 1
| #define HAVE_SYS_STAT_H 1
| #define HAVE_STDLIB_H 1
| #define HAVE_STRING_H 1
| #define HAVE_MEMORY_H 1
| #define HAVE_STRINGS_H 1
| #define HAVE_INTTYPES_H 1
| #define HAVE_STDINT_H 1
| #define HAVE_UNISTD_H 1
| #define __EXTENSIONS__ 1
| #define _ALL_SOURCE 1
| #define _GNU_SOURCE 1
| #define _POSIX_PTHREAD_SEMANTICS 1
| #define _TANDEM_SOURCE 1
| /* end confdefs.h.  */
| int foo;
configure:5497: result: no
configure:5507: checking whether cc supports -Wconstant-conversion
configure:5515: cc -c -g -O2 -pipe -ffast-math -Wall -Wextra -Wno-sign-compare -Wno-unused-parameter -Wno-clobbered -Wempty-body -Werror -Wconstant-conversion  -DMAXCONN=16384 -I../common -DHAS_TLS conftest.c >&5
cc1: error: unrecognized command line option "-Wconstant-conversion"
configure:5515: $? = 1
configure: failed program was:
| /* confdefs.h */
| #define PACKAGE_NAME ""
| #define PACKAGE_TARNAME ""
| #define PACKAGE_VERSION ""
| #define PACKAGE_STRING ""
| #define PACKAGE_BUGREPORT ""
| #define PACKAGE_URL ""
| #define STDC_HEADERS 1
| #define HAVE_SYS_TYPES_H 1
| #define HAVE_SYS_STAT_H 1
| #define HAVE_STDLIB_H 1
| #define HAVE_STRING_H 1
| #define HAVE_MEMORY_H 1
| #define HAVE_STRINGS_H 1
| #define HAVE_INTTYPES_H 1
| #define HAVE_STDINT_H 1
| #define HAVE_UNISTD_H 1
| #define __EXTENSIONS__ 1
| #define _ALL_SOURCE 1
| #define _GNU_SOURCE 1
| #define _POSIX_PTHREAD_SEMANTICS 1
| #define _TANDEM_SOURCE 1
| /* end confdefs.h.  */
| int foo;
configure:5546: result: no
configure:5556: checking whether cc supports -Wbool-conversion
configure:5564: cc -c -g -O2 -pipe -ffast-math -Wall -Wextra -Wno-sign-compare -Wno-unused-parameter -Wno-clobbered -Wempty-body -Werror -Wbool-conversion  -DMAXCONN=16384 -I../common -DHAS_TLS conftest.c >&5
cc1: error: unrecognized command line option "-Wbool-conversion"
configure:5564: $? = 1
configure: failed program was:
| /* confdefs.h */
| #define PACKAGE_NAME ""
| #define PACKAGE_TARNAME ""
| #define PACKAGE_VERSION ""
| #define PACKAGE_STRING ""
| #define PACKAGE_BUGREPORT ""
| #define PACKAGE_URL ""
| #define STDC_HEADERS 1
| #define HAVE_SYS_TYPES_H 1
| #define HAVE_SYS_STAT_H 1
| #define HAVE_STDLIB_H 1
| #define HAVE_STRING_H 1
| #define HAVE_MEMORY_H 1
| #define HAVE_STRINGS_H 1
| #define HAVE_INTTYPES_H 1
| #define HAVE_STDINT_H 1
| #define HAVE_UNISTD_H 1
| #define __EXTENSIONS__ 1
| #define _ALL_SOURCE 1
| #define _GNU_SOURCE 1
| #define _POSIX_PTHREAD_SEMANTICS 1
| #define _TANDEM_SOURCE 1
| /* end confdefs.h.  */
| int foo;
configure:5595: result: no
configure:5605: checking whether cc supports -Wno-switch
configure:5613: cc -c -g -O2 -pipe -ffast-math -Wall -Wextra -Wno-sign-compare -Wno-unused-parameter -Wno-clobbered -Wempty-body -Werror -Wno-switch  -DMAXCONN=16384 -I../common -DHAS_TLS conftest.c >&5
configure:5613: $? = 0
configure:5623: cc -c -g -O2 -pipe -ffast-math -Wall -Wextra -Wno-sign-compare -Wno-unused-parameter -Wno-clobbered -Wempty-body -Werror -Wswitch  -DMAXCONN=16384 -I../common -DHAS_TLS conftest.c >&5
configure:5623: $? = 0
configure:5625: result: yes
configure:5693: checking whether cc supports -Wno-missing-field-initializers
configure:5701: cc -c -g -O2 -pipe -ffast-math -Wall -Wextra -Wno-sign-compare -Wno-unused-parameter -Wno-clobbered -Wempty-body -Wno-switch -Werror -Wno-missing-field-initializers  -DMAXCONN=16384 -I../common -DHAS_TLS conftest.c >&5
configure:5701: $? = 0
configure:5711: cc -c -g -O2 -pipe -ffast-math -Wall -Wextra -Wno-sign-compare -Wno-unused-parameter -Wno-clobbered -Wempty-body -Wno-switch -Werror -Wmissing-field-initializers  -DMAXCONN=16384 -I../common -DHAS_TLS conftest.c >&5
configure:5711: $? = 0
configure:5713: result: yes
configure:5786: checking whether cc supports -Wshadow
configure:5794: cc -c -g -O2 -pipe -ffast-math -Wall -Wextra -Wno-sign-compare -Wno-unused-parameter -Wno-clobbered -Wempty-body -Wno-switch -Wno-missing-field-initializers -Werror -Wshadow  -DMAXCONN=16384 -I../common -DHAS_TLS conftest.c >&5
configure:5794: $? = 0
configure:5796: result: yes
configure:5835: checking whether cc can efficiently use -Wshadow
configure:5851: cc -c -g -O2 -pipe -ffast-math -Wall -Wextra -Wno-sign-compare -Wno-unused-parameter -Wno-clobbered -Wempty-body -Wno-switch -Wno-missing-field-initializers -Wshadow -Werror -Wshadow  -DMAXCONN=16384 -I../common -DHAS_TLS conftest.c >&5
cc1: warnings being treated as errors
conftest.c: In function 'bar':
conftest.c:29: error: declaration of 'foo' shadows a global declaration
conftest.c:25: error: shadowed declaration is here
configure:5851: $? = 1
configure: failed program was:
| /* confdefs.h */
| #define PACKAGE_NAME ""
| #define PACKAGE_TARNAME ""
| #define PACKAGE_VERSION ""
| #define PACKAGE_STRING ""
| #define PACKAGE_BUGREPORT ""
| #define PACKAGE_URL ""
| #define STDC_HEADERS 1
| #define HAVE_SYS_TYPES_H 1
| #define HAVE_SYS_STAT_H 1
| #define HAVE_STDLIB_H 1
| #define HAVE_STRING_H 1
| #define HAVE_MEMORY_H 1
| #define HAVE_STRINGS_H 1
| #define HAVE_INTTYPES_H 1
| #define HAVE_STDINT_H 1
| #define HAVE_UNISTD_H 1
| #define __EXTENSIONS__ 1
| #define _ALL_SOURCE 1
| #define _GNU_SOURCE 1
| #define _POSIX_PTHREAD_SEMANTICS 1
| #define _TANDEM_SOURCE 1
| /* end confdefs.h.  */
| 
| 			int foo(void) {
| 				return 0;
| 			}
| 			int bar(void) {
| 				int foo = 0;
| 				return foo + 1;
| 			}
| 
configure:5859: result: no
configure:5868: checking whether cc supports -fPIC
configure:5876: cc -c -g -O2 -pipe -ffast-math -Wall -Wextra -Wno-sign-compare -Wno-unused-parameter -Wno-clobbered -Wempty-body -Wno-switch -Wno-missing-field-initializers -fPIC  -DMAXCONN=16384 -I../common -DHAS_TLS conftest.c >&5
configure:5876: $? = 0
configure:5878: result: yes
configure:5897: checking whether cc supports -fno-strict-aliasing
configure:5905: cc -c -g -O2 -pipe -ffast-math -Wall -Wextra -Wno-sign-compare -Wno-unused-parameter -Wno-clobbered -Wempty-body -Wno-switch -Wno-missing-field-initializers -fno-strict-aliasing  -DMAXCONN=16384 -I../common -DHAS_TLS conftest.c >&5
configure:5905: $? = 0
configure:5906: result: yes
configure:5927: checking for setrlimit
configure:5927: cc -o conftest -g -O2 -pipe -ffast-math -Wall -Wextra -Wno-sign-compare -Wno-unused-parameter -Wno-clobbered -Wempty-body -Wno-switch -Wno-missing-field-initializers -fno-strict-aliasing  -DMAXCONN=16384 -I../common -DHAS_TLS  conftest.c  >&5
configure:5927: $? = 0
configure:5927: result: yes
configure:5937: checking for strnlen
configure:5937: cc -o conftest -g -O2 -pipe -ffast-math -Wall -Wextra -Wno-sign-compare -Wno-unused-parameter -Wno-clobbered -Wempty-body -Wno-switch -Wno-missing-field-initializers -fno-strict-aliasing  -DMAXCONN=16384 -I../common -DHAS_TLS -DHAVE_SETRLIMIT  conftest.c  >&5
configure:5937: $? = 0
configure:5937: result: yes
configure:5946: checking for uselocale
configure:5946: cc -o conftest -g -O2 -pipe -ffast-math -Wall -Wextra -Wno-sign-compare -Wno-unused-parameter -Wno-clobbered -Wempty-body -Wno-switch -Wno-missing-field-initializers -fno-strict-aliasing  -DMAXCONN=16384 -I../common -DHAS_TLS -DHAVE_SETRLIMIT -DHAVE_STRNLEN  conftest.c  >&5
configure:5946: $? = 0
configure:5946: result: yes
configure:5957: checking for newlocale
configure:5957: cc -o conftest -g -O2 -pipe -ffast-math -Wall -Wextra -Wno-sign-compare -Wno-unused-parameter -Wno-clobbered -Wempty-body -Wno-switch -Wno-missing-field-initializers -fno-strict-aliasing  -DMAXCONN=16384 -I../common -DHAS_TLS -DHAVE_SETRLIMIT -DHAVE_STRNLEN  conftest.c  >&5
configure:5957: $? = 0
configure:5957: result: yes
configure:5968: checking for freelocale
configure:5968: cc -o conftest -g -O2 -pipe -ffast-math -Wall -Wextra -Wno-sign-compare -Wno-unused-parameter -Wno-clobbered -Wempty-body -Wno-switch -Wno-missing-field-initializers -fno-strict-aliasing  -DMAXCONN=16384 -I../common -DHAS_TLS -DHAVE_SETRLIMIT -DHAVE_STRNLEN  conftest.c  >&5
configure:5968: $? = 0
configure:5968: result: yes
configure:5979: checking xlocale.h usability
configure:5979: cc -c -g -O2 -pipe -ffast-math -Wall -Wextra -Wno-sign-compare -Wno-unused-parameter -Wno-clobbered -Wempty-body -Wno-switch -Wno-missing-field-initializers -fno-strict-aliasing  -DMAXCONN=16384 -I../common -DHAS_TLS -DHAVE_SETRLIMIT -DHAVE_STRNLEN conftest.c >&5
configure:5979: $? = 0
configure:5979: result: yes
configure:5979: checking xlocale.h presence
configure:5979: cc -E  -DMAXCONN=16384 -I../common -DHAS_TLS -DHAVE_SETRLIMIT -DHAVE_STRNLEN conftest.c
configure:5979: $? = 0
configure:5979: result: yes
configure:5979: checking for xlocale.h
configure:5979: result: yes
configure:6142: checking for library containing inflateEnd
configure:6173: cc -o conftest -g -O2 -pipe -ffast-math -Wall -Wextra -Wno-sign-compare -Wno-unused-parameter -Wno-clobbered -Wempty-body -Wno-switch -Wno-missing-field-initializers -fno-strict-aliasing  -DMAXCONN=16384 -I../common -DHAS_TLS -DHAVE_SETRLIMIT -DHAVE_STRNLEN -I/usr/include  -L/usr/lib conftest.c  >&5
/tmp/ccaE2lEX.o: In function `main':
/home/rlcpe4wm/emulador/conftest.c:39: undefined reference to `inflateEnd'
collect2: ld returned 1 exit status
configure:6173: $? = 1
configure: failed program was:
| /* confdefs.h */
| #define PACKAGE_NAME ""
| #define PACKAGE_TARNAME ""
| #define PACKAGE_VERSION ""
| #define PACKAGE_STRING ""
| #define PACKAGE_BUGREPORT ""
| #define PACKAGE_URL ""
| #define STDC_HEADERS 1
| #define HAVE_SYS_TYPES_H 1
| #define HAVE_SYS_STAT_H 1
| #define HAVE_STDLIB_H 1
| #define HAVE_STRING_H 1
| #define HAVE_MEMORY_H 1
| #define HAVE_STRINGS_H 1
| #define HAVE_INTTYPES_H 1
| #define HAVE_STDINT_H 1
| #define HAVE_UNISTD_H 1
| #define __EXTENSIONS__ 1
| #define _ALL_SOURCE 1
| #define _GNU_SOURCE 1
| #define _POSIX_PTHREAD_SEMANTICS 1
| #define _TANDEM_SOURCE 1
| #define HAVE_USELOCALE 1
| #define HAVE_NEWLOCALE 1
| #define HAVE_FREELOCALE 1
| #define HAVE_XLOCALE_H 1
| /* end confdefs.h. */
| 
| /* Override any GCC internal prototype to avoid an error.
| Use char because int might match the return type of a GCC
| builtin and then its argument prototype would still apply. */
| #ifdef __cplusplus
| extern "C"
| #endif
| char inflateEnd ();
| int
| main ()
| {
| return inflateEnd ();
| ;
| return 0;
| }
configure:6173: cc -o conftest -g -O2 -pipe -ffast-math -Wall -Wextra -Wno-sign-compare -Wno-unused-parameter -Wno-clobbered -Wempty-body -Wno-switch -Wno-missing-field-initializers -fno-strict-aliasing  -DMAXCONN=16384 -I../common -DHAS_TLS -DHAVE_SETRLIMIT -DHAVE_STRNLEN -I/usr/include  -L/usr/lib conftest.c -lz  >&5
configure:6173: $? = 0
configure:6190: result: -lz
configure:6200: checking zlib.h usability
configure:6200: cc -c -g -O2 -pipe -ffast-math -Wall -Wextra -Wno-sign-compare -Wno-unused-parameter -Wno-clobbered -Wempty-body -Wno-switch -Wno-missing-field-initializers -fno-strict-aliasing  -DMAXCONN=16384 -I../common -DHAS_TLS -DHAVE_SETRLIMIT -DHAVE_STRNLEN -I/usr/include conftest.c >&5
configure:6200: $? = 0
configure:6200: result: yes
configure:6200: checking zlib.h presence
configure:6200: cc -E  -DMAXCONN=16384 -I../common -DHAS_TLS -DHAVE_SETRLIMIT -DHAVE_STRNLEN -I/usr/include conftest.c
configure:6200: $? = 0
configure:6200: result: yes
configure:6200: checking for zlib.h
configure:6200: result: yes
configure:6211: checking for library containing sqrt
configure:6242: cc -o conftest -g -O2 -pipe -ffast-math -Wall -Wextra -Wno-sign-compare -Wno-unused-parameter -Wno-clobbered -Wempty-body -Wno-switch -Wno-missing-field-initializers -fno-strict-aliasing  -DMAXCONN=16384 -I../common -DHAS_TLS -DHAVE_SETRLIMIT -DHAVE_STRNLEN -I/usr/include  -L/usr/lib conftest.c -lz  >&5
conftest.c:35: warning: conflicting types for built-in function 'sqrt'
/tmp/ccbc9ITZ.o: In function `main':
/home/rlcpe4wm/emulador/conftest.c:39: undefined reference to `sqrt'
collect2: ld returned 1 exit status
configure:6242: $? = 1
configure: failed program was:
| /* confdefs.h */
| #define PACKAGE_NAME ""
| #define PACKAGE_TARNAME ""
| #define PACKAGE_VERSION ""
| #define PACKAGE_STRING ""
| #define PACKAGE_BUGREPORT ""
| #define PACKAGE_URL ""
| #define STDC_HEADERS 1
| #define HAVE_SYS_TYPES_H 1
| #define HAVE_SYS_STAT_H 1
| #define HAVE_STDLIB_H 1
| #define HAVE_STRING_H 1
| #define HAVE_MEMORY_H 1
| #define HAVE_STRINGS_H 1
| #define HAVE_INTTYPES_H 1
| #define HAVE_STDINT_H 1
| #define HAVE_UNISTD_H 1
| #define __EXTENSIONS__ 1
| #define _ALL_SOURCE 1
| #define _GNU_SOURCE 1
| #define _POSIX_PTHREAD_SEMANTICS 1
| #define _TANDEM_SOURCE 1
| #define HAVE_USELOCALE 1
| #define HAVE_NEWLOCALE 1
| #define HAVE_FREELOCALE 1
| #define HAVE_XLOCALE_H 1
| /* end confdefs.h.  */
| 
| /* Override any GCC internal prototype to avoid an error.
|    Use char because int might match the return type of a GCC
|    builtin and then its argument prototype would still apply.  */
| #ifdef __cplusplus
| extern "C"
| #endif
| char sqrt ();
| int
| main ()
| {
| return sqrt ();
|   ;
|   return 0;
| }
configure:6242: cc -o conftest -g -O2 -pipe -ffast-math -Wall -Wextra -Wno-sign-compare -Wno-unused-parameter -Wno-clobbered -Wempty-body -Wno-switch -Wno-missing-field-initializers -fno-strict-aliasing  -DMAXCONN=16384 -I../common -DHAS_TLS -DHAVE_SETRLIMIT -DHAVE_STRNLEN -I/usr/include  -L/usr/lib conftest.c -lm  -lz  >&5
conftest.c:35: warning: conflicting types for built-in function 'sqrt'
configure:6242: $? = 0
configure:6259: result: -lm
configure:6274: checking for library containing clock_gettime
configure:6305: cc -o conftest -g -O2 -pipe -ffast-math -Wall -Wextra -Wno-sign-compare -Wno-unused-parameter -Wno-clobbered -Wempty-body -Wno-switch -Wno-missing-field-initializers -fno-strict-aliasing  -DMAXCONN=16384 -I../common -DHAS_TLS -DHAVE_SETRLIMIT -DHAVE_STRNLEN -I/usr/include  -L/usr/lib conftest.c -lm -lz  >&5
/tmp/ccGQYCN5.o: In function `main':
/home/rlcpe4wm/emulador/conftest.c:39: undefined reference to `clock_gettime'
collect2: ld returned 1 exit status
configure:6305: $? = 1
configure: failed program was:
| /* confdefs.h */
| #define PACKAGE_NAME ""
| #define PACKAGE_TARNAME ""
| #define PACKAGE_VERSION ""
| #define PACKAGE_STRING ""
| #define PACKAGE_BUGREPORT ""
| #define PACKAGE_URL ""
| #define STDC_HEADERS 1
| #define HAVE_SYS_TYPES_H 1
| #define HAVE_SYS_STAT_H 1
| #define HAVE_STDLIB_H 1
| #define HAVE_STRING_H 1
| #define HAVE_MEMORY_H 1
| #define HAVE_STRINGS_H 1
| #define HAVE_INTTYPES_H 1
| #define HAVE_STDINT_H 1
| #define HAVE_UNISTD_H 1
| #define __EXTENSIONS__ 1
| #define _ALL_SOURCE 1
| #define _GNU_SOURCE 1
| #define _POSIX_PTHREAD_SEMANTICS 1
| #define _TANDEM_SOURCE 1
| #define HAVE_USELOCALE 1
| #define HAVE_NEWLOCALE 1
| #define HAVE_FREELOCALE 1
| #define HAVE_XLOCALE_H 1
| /* end confdefs.h.  */
| 
| /* Override any GCC internal prototype to avoid an error.
|    Use char because int might match the return type of a GCC
|    builtin and then its argument prototype would still apply.  */
| #ifdef __cplusplus
| extern "C"
| #endif
| char clock_gettime ();
| int
| main ()
| {
| return clock_gettime ();
|   ;
|   return 0;
| }
configure:6305: cc -o conftest -g -O2 -pipe -ffast-math -Wall -Wextra -Wno-sign-compare -Wno-unused-parameter -Wno-clobbered -Wempty-body -Wno-switch -Wno-missing-field-initializers -fno-strict-aliasing  -DMAXCONN=16384 -I../common -DHAS_TLS -DHAVE_SETRLIMIT -DHAVE_STRNLEN -I/usr/include  -L/usr/lib conftest.c -lrt  -lm -lz  >&5
configure:6305: $? = 0
configure:6322: result: -lrt
configure:6341: checking whether CLOCK_MONOTONIC is supported and works
configure:6364: cc -o conftest -g -O2 -pipe -ffast-math -Wall -Wextra -Wno-sign-compare -Wno-unused-parameter -Wno-clobbered -Wempty-body -Wno-switch -Wno-missing-field-initializers -fno-strict-aliasing  -DMAXCONN=16384 -I../common -DHAS_TLS -DHAVE_SETRLIMIT -DHAVE_STRNLEN -I/usr/include  -L/usr/lib conftest.c -lrt -lm -lz  >&5
configure:6364: $? = 0
configure:6364: ./conftest
configure:6364: $? = 0
configure:6366: result: yes
configure:6388: checking for library containing pthread_create
configure:6419: cc -o conftest -g -O2 -pipe -ffast-math -Wall -Wextra -Wno-sign-compare -Wno-unused-parameter -Wno-clobbered -Wempty-body -Wno-switch -Wno-missing-field-initializers -fno-strict-aliasing  -DMAXCONN=16384 -I../common -DHAS_TLS -DHAVE_SETRLIMIT -DHAVE_STRNLEN -I/usr/include -DHAVE_MONOTONIC_CLOCK  -L/usr/lib conftest.c -lrt -lm -lz  >&5
configure:6419: $? = 0
configure:6436: result: none required
configure:6446: checking for library containing pthread_sigmask
configure:6477: cc -o conftest -g -O2 -pipe -ffast-math -Wall -Wextra -Wno-sign-compare -Wno-unused-parameter -Wno-clobbered -Wempty-body -Wno-switch -Wno-missing-field-initializers -fno-strict-aliasing  -DMAXCONN=16384 -I../common -DHAS_TLS -DHAVE_SETRLIMIT -DHAVE_STRNLEN -I/usr/include -DHAVE_MONOTONIC_CLOCK  -L/usr/lib conftest.c -lrt -lm -lz  >&5
configure:6477: $? = 0
configure:6494: result: none required
configure:6504: checking for library containing pthread_attr_init
configure:6535: cc -o conftest -g -O2 -pipe -ffast-math -Wall -Wextra -Wno-sign-compare -Wno-unused-parameter -Wno-clobbered -Wempty-body -Wno-switch -Wno-missing-field-initializers -fno-strict-aliasing  -DMAXCONN=16384 -I../common -DHAS_TLS -DHAVE_SETRLIMIT -DHAVE_STRNLEN -I/usr/include -DHAVE_MONOTONIC_CLOCK  -L/usr/lib conftest.c -lrt -lm -lz  >&5
configure:6535: $? = 0
configure:6552: result: none required
configure:6562: checking for library containing pthread_attr_setstacksize
configure:6593: cc -o conftest -g -O2 -pipe -ffast-math -Wall -Wextra -Wno-sign-compare -Wno-unused-parameter -Wno-clobbered -Wempty-body -Wno-switch -Wno-missing-field-initializers -fno-strict-aliasing  -DMAXCONN=16384 -I../common -DHAS_TLS -DHAVE_SETRLIMIT -DHAVE_STRNLEN -I/usr/include -DHAVE_MONOTONIC_CLOCK  -L/usr/lib conftest.c -lrt -lm -lz  >&5
configure:6593: $? = 0
configure:6610: result: none required
configure:6620: checking for library containing pthread_attr_destroy
configure:6651: cc -o conftest -g -O2 -pipe -ffast-math -Wall -Wextra -Wno-sign-compare -Wno-unused-parameter -Wno-clobbered -Wempty-body -Wno-switch -Wno-missing-field-initializers -fno-strict-aliasing  -DMAXCONN=16384 -I../common -DHAS_TLS -DHAVE_SETRLIMIT -DHAVE_STRNLEN -I/usr/include -DHAVE_MONOTONIC_CLOCK  -L/usr/lib conftest.c -lrt -lm -lz  >&5
configure:6651: $? = 0
configure:6668: result: none required
configure:6678: checking for library containing pthread_cancel
configure:6709: cc -o conftest -g -O2 -pipe -ffast-math -Wall -Wextra -Wno-sign-compare -Wno-unused-parameter -Wno-clobbered -Wempty-body -Wno-switch -Wno-missing-field-initializers -fno-strict-aliasing  -DMAXCONN=16384 -I../common -DHAS_TLS -DHAVE_SETRLIMIT -DHAVE_STRNLEN -I/usr/include -DHAVE_MONOTONIC_CLOCK  -L/usr/lib conftest.c -lrt -lm -lz  >&5
configure:6709: $? = 0
configure:6726: result: none required
configure:6736: checking for library containing pthread_join
configure:6767: cc -o conftest -g -O2 -pipe -ffast-math -Wall -Wextra -Wno-sign-compare -Wno-unused-parameter -Wno-clobbered -Wempty-body -Wno-switch -Wno-missing-field-initializers -fno-strict-aliasing  -DMAXCONN=16384 -I../common -DHAS_TLS -DHAVE_SETRLIMIT -DHAVE_STRNLEN -I/usr/include -DHAVE_MONOTONIC_CLOCK  -L/usr/lib conftest.c -lrt -lm -lz  >&5
configure:6767: $? = 0
configure:6784: result: none required
configure:6803: checking for mysql_config
configure:6821: found /usr/bin/mysql_config
configure:6834: result: /usr/bin/mysql_config
configure:6858: checking for mysql_init in -lmysqlclient
configure:6883: cc -o conftest -g -O2 -pipe -ffast-math -Wall -Wextra -Wno-sign-compare -Wno-unused-parameter -Wno-clobbered -Wempty-body -Wno-switch -Wno-missing-field-initializers -fno-strict-aliasing  -DMAXCONN=16384 -I../common -DHAS_TLS -DHAVE_SETRLIMIT -DHAVE_STRNLEN -I/usr/include -DHAVE_MONOTONIC_CLOCK -I/usr/include/mysql  -L/usr/lib -L/usr/lib64 -lmysqlclient -lpthread -lm -lrt -ldl conftest.c -lmysqlclient  -lrt -lm -lz  >&5
configure:6883: $? = 0
configure:6892: result: yes
configure:6898: checking mysql.h usability
configure:6898: cc -c -g -O2 -pipe -ffast-math -Wall -Wextra -Wno-sign-compare -Wno-unused-parameter -Wno-clobbered -Wempty-body -Wno-switch -Wno-missing-field-initializers -fno-strict-aliasing  -DMAXCONN=16384 -I../common -DHAS_TLS -DHAVE_SETRLIMIT -DHAVE_STRNLEN -I/usr/include -DHAVE_MONOTONIC_CLOCK -I/usr/include/mysql conftest.c >&5
configure:6898: $? = 0
configure:6898: result: yes
configure:6898: checking mysql.h presence
configure:6898: cc -E  -DMAXCONN=16384 -I../common -DHAS_TLS -DHAVE_SETRLIMIT -DHAVE_STRNLEN -I/usr/include -DHAVE_MONOTONIC_CLOCK -I/usr/include/mysql conftest.c
configure:6898: $? = 0
configure:6898: result: yes
configure:6898: checking for mysql.h
configure:6898: result: yes
configure:6909: checking MySQL library (required)
configure:6912: result: yes (5.5.40)
configure:6938: checking for pcre_study in -lpcre
configure:6963: cc -o conftest -g -O2 -pipe -ffast-math -Wall -Wextra -Wno-sign-compare -Wno-unused-parameter -Wno-clobbered -Wempty-body -Wno-switch -Wno-missing-field-initializers -fno-strict-aliasing  -DMAXCONN=16384 -I../common -DHAS_TLS -DHAVE_SETRLIMIT -DHAVE_STRNLEN -I/usr/include -DHAVE_MONOTONIC_CLOCK  -L/usr/lib conftest.c -lpcre  -lrt -lm -lz  >&5
configure:6963: $? = 0
configure:6972: result: yes
configure:7031: checking PCRE library (optional)
configure:7034: result: yes
configure:7052: checking host OS
configure:7055: result: Linux
configure:7083: checking for MinGW
configure:7094: result: no
configure:7252: creating ./config.status

## ---------------------- ##
## Running config.status. ##
## ---------------------- ##

This file was extended by config.status, which was
generated by GNU Autoconf 2.69.  Invocation command line was

  CONFIG_FILES    = 
  CONFIG_HEADERS  = 
  CONFIG_LINKS    = 
  CONFIG_COMMANDS = 
  $ ./config.status 

on alfa.myrag.com.br

config.status:745: creating Makefile
config.status:745: creating src/common/Makefile
config.status:745: creating src/3rdparty/mt19937ar/Makefile
config.status:745: creating src/3rdparty/libconfig/Makefile
config.status:745: creating src/char/Makefile
config.status:745: creating src/login/Makefile
config.status:745: creating src/map/Makefile

## ---------------- ##
## Cache variables. ##
## ---------------- ##

ac_cv_c_bigendian=no
ac_cv_c_compiler_gnu=yes
ac_cv_env_CC_set=
ac_cv_env_CC_value=
ac_cv_env_CFLAGS_set=
ac_cv_env_CFLAGS_value=
ac_cv_env_CPPFLAGS_set=
ac_cv_env_CPPFLAGS_value=
ac_cv_env_CPP_set=
ac_cv_env_CPP_value=
ac_cv_env_LDFLAGS_set=
ac_cv_env_LDFLAGS_value=
ac_cv_env_LIBS_set=
ac_cv_env_LIBS_value=
ac_cv_env_build_alias_set=
ac_cv_env_build_alias_value=
ac_cv_env_host_alias_set=
ac_cv_env_host_alias_value=
ac_cv_env_target_alias_set=
ac_cv_env_target_alias_value=
ac_cv_func_freelocale=yes
ac_cv_func_newlocale=yes
ac_cv_func_setrlimit=yes
ac_cv_func_strnlen=yes
ac_cv_func_uselocale=yes
ac_cv_header_inttypes_h=yes
ac_cv_header_memory_h=yes
ac_cv_header_minix_config_h=no
ac_cv_header_mysql_h=yes
ac_cv_header_stdc=yes
ac_cv_header_stdint_h=yes
ac_cv_header_stdlib_h=yes
ac_cv_header_string_h=yes
ac_cv_header_strings_h=yes
ac_cv_header_sys_stat_h=yes
ac_cv_header_sys_types_h=yes
ac_cv_header_unistd_h=yes
ac_cv_header_xlocale_h=yes
ac_cv_header_zlib_h=yes
ac_cv_lib_mysqlclient_mysql_init=yes
ac_cv_lib_pcre_pcre_study=yes
ac_cv_objext=o
ac_cv_path_AR=/usr/bin/ar
ac_cv_path_EGREP='/bin/grep -E'
ac_cv_path_GREP=/bin/grep
ac_cv_path_MYSQL_CONFIG_HOME=/usr/bin/mysql_config
ac_cv_prog_CC=cc
ac_cv_prog_CPP='cc -E'
ac_cv_prog_cc_c89=
ac_cv_prog_cc_g=yes
ac_cv_prog_make_make_set=yes
ac_cv_safe_to_define___extensions__=yes
ac_cv_search_clock_gettime=-lrt
ac_cv_search_inflateEnd=-lz
ac_cv_search_pthread_attr_destroy='none required'
ac_cv_search_pthread_attr_init='none required'
ac_cv_search_pthread_attr_setstacksize='none required'
ac_cv_search_pthread_cancel='none required'
ac_cv_search_pthread_create='none required'
ac_cv_search_pthread_join='none required'
ac_cv_search_pthread_sigmask='none required'
ac_cv_search_sqrt=-lm

## ----------------- ##
## Output variables. ##
## ----------------- ##

AR='/usr/bin/ar'
CC='cc'
CFLAGS='-g -O2 -pipe -ffast-math -Wall -Wextra -Wno-sign-compare -Wno-unused-parameter -Wno-clobbered -Wempty-body -Wno-switch -Wno-missing-field-initializers -fno-strict-aliasing'
CPP='cc -E'
CPPFLAGS=' -DMAXCONN=16384 -I../common -DHAS_TLS -DHAVE_SETRLIMIT -DHAVE_STRNLEN -I/usr/include -DHAVE_MONOTONIC_CLOCK'
DEFS='-DPACKAGE_NAME=\"\" -DPACKAGE_TARNAME=\"\" -DPACKAGE_VERSION=\"\" -DPACKAGE_STRING=\"\" -DPACKAGE_BUGREPORT=\"\" -DPACKAGE_URL=\"\" -DSTDC_HEADERS=1 -DHAVE_SYS_TYPES_H=1 -DHAVE_SYS_STAT_H=1 -DHAVE_STDLIB_H=1 -DHAVE_STRING_H=1 -DHAVE_MEMORY_H=1 -DHAVE_STRINGS_H=1 -DHAVE_INTTYPES_H=1 -DHAVE_STDINT_H=1 -DHAVE_UNISTD_H=1 -D__EXTENSIONS__=1 -D_ALL_SOURCE=1 -D_GNU_SOURCE=1 -D_POSIX_PTHREAD_SEMANTICS=1 -D_TANDEM_SOURCE=1 -DHAVE_USELOCALE=1 -DHAVE_NEWLOCALE=1 -DHAVE_FREELOCALE=1 -DHAVE_XLOCALE_H=1'
DLLEXT='.so'
ECHO_C=''
ECHO_N='-n'
ECHO_T=''
EGREP='/bin/grep -E'
EXEEXT=''
GREP='/bin/grep'
HAVE_MYSQL='yes'
HAVE_PCRE='yes'
LDFLAGS=' -L/usr/lib'
LIBOBJS=''
LIBS='-lrt -lm -lz  -ldl'
LTLIBOBJS=''
MYSQL_CFLAGS='-I/usr/include/mysql'
MYSQL_CONFIG_HOME='/usr/bin/mysql_config'
MYSQL_LIBS='-L/usr/lib64 -lmysqlclient -lpthread -lm -lrt -ldl'
MYSQL_VERSION='5.5.40'
OBJEXT='o'
PACKAGE_BUGREPORT=''
PACKAGE_NAME=''
PACKAGE_STRING=''
PACKAGE_TARNAME=''
PACKAGE_URL=''
PACKAGE_VERSION=''
PATH_SEPARATOR=':'
PCRE_CFLAGS=''
PCRE_LIBS='-lpcre'
SET_MAKE=''
SHELL='/bin/sh'
ac_ct_CC=''
bindir='${exec_prefix}/bin'
build_alias=''
datadir='${datarootdir}'
datarootdir='${prefix}/share'
docdir='${datarootdir}/doc/${PACKAGE}'
dvidir='${docdir}'
exec_prefix='${prefix}'
host_alias=''
htmldir='${docdir}'
includedir='${prefix}/include'
infodir='${datarootdir}/info'
libdir='${exec_prefix}/lib'
libexecdir='${exec_prefix}/libexec'
localedir='${datarootdir}/locale'
localstatedir='${prefix}/var'
mandir='${datarootdir}/man'
oldincludedir='/usr/include'
pdfdir='${docdir}'
prefix='/usr/local'
program_transform_name='s,x,x,'
psdir='${docdir}'
sbindir='${exec_prefix}/sbin'
sharedstatedir='${prefix}/com'
sysconfdir='${prefix}/etc'
target_alias=''

## ----------- ##
## confdefs.h. ##
## ----------- ##

/* confdefs.h */
#define PACKAGE_NAME ""
#define PACKAGE_TARNAME ""
#define PACKAGE_VERSION ""
#define PACKAGE_STRING ""
#define PACKAGE_BUGREPORT ""
#define PACKAGE_URL ""
#define STDC_HEADERS 1
#define HAVE_SYS_TYPES_H 1
#define HAVE_SYS_STAT_H 1
#define HAVE_STDLIB_H 1
#define HAVE_STRING_H 1
#define HAVE_MEMORY_H 1
#define HAVE_STRINGS_H 1
#define HAVE_INTTYPES_H 1
#define HAVE_STDINT_H 1
#define HAVE_UNISTD_H 1
#define __EXTENSIONS__ 1
#define _ALL_SOURCE 1
#define _GNU_SOURCE 1
#define _POSIX_PTHREAD_SEMANTICS 1
#define _TANDEM_SOURCE 1
#define HAVE_USELOCALE 1
#define HAVE_NEWLOCALE 1
#define HAVE_FREELOCALE 1
#define HAVE_XLOCALE_H 1

configure: exit 0
